{"/Users/veronikakashlei/Desktop/rs-forms/src/App.tsx": {"path":"/Users/veronikakashlei/Desktop/rs-forms/src/App.tsx","all":false,"statementMap":{"0":{"start":{"line":1,"column":0},"end":{"line":1,"column":39}},"1":{"start":{"line":2,"column":0},"end":{"line":2,"column":19}},"2":{"start":{"line":3,"column":0},"end":{"line":3,"column":45}},"3":{"start":{"line":4,"column":0},"end":{"line":4,"column":38}},"4":{"start":{"line":5,"column":0},"end":{"line":5,"column":16}},"5":{"start":{"line":6,"column":0},"end":{"line":6,"column":10}},"6":{"start":{"line":7,"column":0},"end":{"line":7,"column":28}},"7":{"start":{"line":8,"column":0},"end":{"line":8,"column":18}},"8":{"start":{"line":9,"column":0},"end":{"line":9,"column":15}},"10":{"start":{"line":11,"column":0},"end":{"line":11,"column":1}},"12":{"start":{"line":13,"column":0},"end":{"line":13,"column":19}}},"s":{"0":1,"1":1,"2":1,"3":1,"4":1,"5":1,"6":1,"7":1,"8":1,"10":1,"12":1},"branchMap":{"0":{"type":"branch","line":5,"loc":{"start":{"line":5,"column":0},"end":{"line":11,"column":1}},"locations":[{"start":{"line":5,"column":0},"end":{"line":11,"column":1}}]}},"b":{"0":[1]},"fnMap":{"0":{"name":"App","decl":{"start":{"line":5,"column":0},"end":{"line":11,"column":1}},"loc":{"start":{"line":5,"column":0},"end":{"line":11,"column":1}},"line":5}},"f":{"0":1}}
,"/Users/veronikakashlei/Desktop/rs-forms/src/components/data/DataDisplay.tsx": {"path":"/Users/veronikakashlei/Desktop/rs-forms/src/components/data/DataDisplay.tsx","all":false,"statementMap":{"0":{"start":{"line":1,"column":0},"end":{"line":1,"column":51}},"1":{"start":{"line":2,"column":0},"end":{"line":2,"column":42}},"3":{"start":{"line":4,"column":0},"end":{"line":4,"column":27}},"5":{"start":{"line":6,"column":0},"end":{"line":6,"column":37}},"6":{"start":{"line":7,"column":0},"end":{"line":7,"column":78}},"7":{"start":{"line":8,"column":0},"end":{"line":8,"column":56}},"9":{"start":{"line":10,"column":0},"end":{"line":10,"column":19}},"10":{"start":{"line":11,"column":0},"end":{"line":11,"column":21}},"11":{"start":{"line":12,"column":0},"end":{"line":12,"column":27}},"13":{"start":{"line":14,"column":0},"end":{"line":14,"column":38}},"14":{"start":{"line":15,"column":0},"end":{"line":15,"column":30}},"15":{"start":{"line":16,"column":0},"end":{"line":16,"column":15}},"17":{"start":{"line":18,"column":0},"end":{"line":18,"column":39}},"18":{"start":{"line":19,"column":0},"end":{"line":19,"column":5}},"19":{"start":{"line":20,"column":0},"end":{"line":20,"column":19}},"21":{"start":{"line":22,"column":0},"end":{"line":22,"column":20}},"22":{"start":{"line":23,"column":0},"end":{"line":23,"column":12}},"23":{"start":{"line":24,"column":0},"end":{"line":24,"column":38}},"24":{"start":{"line":25,"column":0},"end":{"line":25,"column":36}},"25":{"start":{"line":26,"column":0},"end":{"line":26,"column":42}},"26":{"start":{"line":27,"column":0},"end":{"line":27,"column":12}},"28":{"start":{"line":29,"column":0},"end":{"line":29,"column":3}},"30":{"start":{"line":31,"column":0},"end":{"line":31,"column":10}},"31":{"start":{"line":32,"column":0},"end":{"line":32,"column":36}},"32":{"start":{"line":33,"column":0},"end":{"line":33,"column":34}},"34":{"start":{"line":35,"column":0},"end":{"line":35,"column":69}},"35":{"start":{"line":36,"column":0},"end":{"line":36,"column":12}},"36":{"start":{"line":37,"column":0},"end":{"line":37,"column":81}},"38":{"start":{"line":39,"column":0},"end":{"line":39,"column":13}},"39":{"start":{"line":40,"column":0},"end":{"line":40,"column":38}},"40":{"start":{"line":41,"column":0},"end":{"line":41,"column":36}},"41":{"start":{"line":42,"column":0},"end":{"line":42,"column":40}},"42":{"start":{"line":43,"column":0},"end":{"line":43,"column":42}},"43":{"start":{"line":44,"column":0},"end":{"line":44,"column":44}},"44":{"start":{"line":45,"column":0},"end":{"line":45,"column":32}},"45":{"start":{"line":46,"column":0},"end":{"line":46,"column":43}},"46":{"start":{"line":47,"column":0},"end":{"line":47,"column":58}},"47":{"start":{"line":48,"column":0},"end":{"line":48,"column":16}},"49":{"start":{"line":50,"column":0},"end":{"line":50,"column":33}},"50":{"start":{"line":51,"column":0},"end":{"line":51,"column":70}},"51":{"start":{"line":52,"column":0},"end":{"line":52,"column":12}},"52":{"start":{"line":53,"column":0},"end":{"line":53,"column":12}},"53":{"start":{"line":54,"column":0},"end":{"line":54,"column":10}},"55":{"start":{"line":56,"column":0},"end":{"line":56,"column":2}},"57":{"start":{"line":58,"column":0},"end":{"line":58,"column":27}}},"s":{"0":1,"1":1,"3":1,"5":1,"6":1,"7":1,"9":1,"10":1,"11":0,"13":0,"14":0,"15":0,"17":0,"18":0,"19":1,"21":1,"22":1,"23":1,"24":1,"25":1,"26":1,"28":1,"30":0,"31":0,"32":0,"34":1,"35":1,"36":1,"38":1,"39":1,"40":1,"41":1,"42":1,"43":1,"44":1,"45":0,"46":0,"47":0,"49":1,"50":1,"51":1,"52":1,"53":1,"55":1,"57":1},"branchMap":{"0":{"type":"branch","line":6,"loc":{"start":{"line":6,"column":30},"end":{"line":56,"column":2}},"locations":[{"start":{"line":6,"column":30},"end":{"line":56,"column":2}}]},"1":{"type":"branch","line":29,"loc":{"start":{"line":29,"column":2},"end":{"line":35,"column":63}},"locations":[{"start":{"line":29,"column":2},"end":{"line":35,"column":63}}]},"2":{"type":"branch","line":35,"loc":{"start":{"line":35,"column":49},"end":{"line":35,"column":65}},"locations":[{"start":{"line":35,"column":49},"end":{"line":35,"column":65}}]},"3":{"type":"branch","line":37,"loc":{"start":{"line":37,"column":35},"end":{"line":37,"column":69}},"locations":[{"start":{"line":37,"column":35},"end":{"line":37,"column":69}}]},"4":{"type":"branch","line":37,"loc":{"start":{"line":37,"column":52},"end":{"line":37,"column":77}},"locations":[{"start":{"line":37,"column":52},"end":{"line":37,"column":77}}]},"5":{"type":"branch","line":45,"loc":{"start":{"line":45,"column":20},"end":{"line":48,"column":16}},"locations":[{"start":{"line":45,"column":20},"end":{"line":48,"column":16}}]},"6":{"type":"branch","line":7,"loc":{"start":{"line":7,"column":33},"end":{"line":7,"column":76}},"locations":[{"start":{"line":7,"column":33},"end":{"line":7,"column":76}}]},"7":{"type":"branch","line":10,"loc":{"start":{"line":10,"column":12},"end":{"line":20,"column":5}},"locations":[{"start":{"line":10,"column":12},"end":{"line":20,"column":5}}]},"8":{"type":"branch","line":11,"loc":{"start":{"line":11,"column":20},"end":{"line":19,"column":5}},"locations":[{"start":{"line":11,"column":20},"end":{"line":19,"column":5}}]}},"b":{"0":[1],"1":[0],"2":[0],"3":[0],"4":[0],"5":[0],"6":[2],"7":[1],"8":[0]},"fnMap":{"0":{"name":"DataDisplay","decl":{"start":{"line":6,"column":30},"end":{"line":56,"column":2}},"loc":{"start":{"line":6,"column":30},"end":{"line":56,"column":2}},"line":6}},"f":{"0":1}}
,"/Users/veronikakashlei/Desktop/rs-forms/src/components/modal/Modal.tsx": {"path":"/Users/veronikakashlei/Desktop/rs-forms/src/components/modal/Modal.tsx","all":false,"statementMap":{"1":{"start":{"line":2,"column":0},"end":{"line":2,"column":40}},"2":{"start":{"line":3,"column":0},"end":{"line":3,"column":21}},"9":{"start":{"line":10,"column":0},"end":{"line":10,"column":79}},"10":{"start":{"line":11,"column":0},"end":{"line":11,"column":10}},"11":{"start":{"line":12,"column":0},"end":{"line":12,"column":51}},"12":{"start":{"line":13,"column":0},"end":{"line":13,"column":11}},"13":{"start":{"line":14,"column":0},"end":{"line":14,"column":38}},"14":{"start":{"line":15,"column":0},"end":{"line":15,"column":60}},"16":{"start":{"line":17,"column":0},"end":{"line":17,"column":19}},"17":{"start":{"line":18,"column":0},"end":{"line":18,"column":43}},"18":{"start":{"line":19,"column":0},"end":{"line":19,"column":14}},"19":{"start":{"line":20,"column":0},"end":{"line":20,"column":52}},"20":{"start":{"line":21,"column":0},"end":{"line":21,"column":12}},"21":{"start":{"line":22,"column":0},"end":{"line":22,"column":18}},"23":{"start":{"line":24,"column":0},"end":{"line":24,"column":2}},"25":{"start":{"line":26,"column":0},"end":{"line":26,"column":21}}},"s":{"1":1,"2":1,"9":1,"10":2,"11":2,"12":2,"13":2,"14":2,"16":2,"17":2,"18":2,"19":2,"20":2,"21":2,"23":2,"25":1},"branchMap":{"0":{"type":"branch","line":10,"loc":{"start":{"line":10,"column":36},"end":{"line":24,"column":2}},"locations":[{"start":{"line":10,"column":36},"end":{"line":24,"column":2}}]}},"b":{"0":[2]},"fnMap":{"0":{"name":"Modal","decl":{"start":{"line":10,"column":36},"end":{"line":24,"column":2}},"loc":{"start":{"line":10,"column":36},"end":{"line":24,"column":2}},"line":10}},"f":{"0":2}}
,"/Users/veronikakashlei/Desktop/rs-forms/src/components/modal/ModalPortal.tsx": {"path":"/Users/veronikakashlei/Desktop/rs-forms/src/components/modal/ModalPortal.tsx","all":false,"statementMap":{"0":{"start":{"line":1,"column":0},"end":{"line":1,"column":52}},"1":{"start":{"line":2,"column":0},"end":{"line":2,"column":41}},"2":{"start":{"line":3,"column":0},"end":{"line":3,"column":21}},"10":{"start":{"line":11,"column":0},"end":{"line":11,"column":50}},"11":{"start":{"line":12,"column":0},"end":{"line":12,"column":11}},"12":{"start":{"line":13,"column":0},"end":{"line":13,"column":9}},"13":{"start":{"line":14,"column":0},"end":{"line":14,"column":10}},"14":{"start":{"line":15,"column":0},"end":{"line":15,"column":7}},"15":{"start":{"line":16,"column":0},"end":{"line":16,"column":19}},"16":{"start":{"line":17,"column":0},"end":{"line":17,"column":24}},"18":{"start":{"line":19,"column":0},"end":{"line":19,"column":48}},"19":{"start":{"line":20,"column":0},"end":{"line":20,"column":29}},"20":{"start":{"line":21,"column":0},"end":{"line":21,"column":18}},"21":{"start":{"line":22,"column":0},"end":{"line":22,"column":7}},"22":{"start":{"line":23,"column":0},"end":{"line":23,"column":6}},"24":{"start":{"line":25,"column":0},"end":{"line":25,"column":51}},"25":{"start":{"line":26,"column":0},"end":{"line":26,"column":63}},"26":{"start":{"line":27,"column":0},"end":{"line":27,"column":44}},"27":{"start":{"line":28,"column":0},"end":{"line":28,"column":18}},"28":{"start":{"line":29,"column":0},"end":{"line":29,"column":7}},"29":{"start":{"line":30,"column":0},"end":{"line":30,"column":6}},"31":{"start":{"line":32,"column":0},"end":{"line":32,"column":55}},"32":{"start":{"line":33,"column":0},"end":{"line":33,"column":59}},"33":{"start":{"line":34,"column":0},"end":{"line":34,"column":46}},"35":{"start":{"line":36,"column":0},"end":{"line":36,"column":18}},"36":{"start":{"line":37,"column":0},"end":{"line":37,"column":60}},"37":{"start":{"line":38,"column":0},"end":{"line":38,"column":64}},"38":{"start":{"line":39,"column":0},"end":{"line":39,"column":51}},"39":{"start":{"line":40,"column":0},"end":{"line":40,"column":6}},"40":{"start":{"line":41,"column":0},"end":{"line":41,"column":24}},"42":{"start":{"line":43,"column":0},"end":{"line":43,"column":27}},"44":{"start":{"line":45,"column":0},"end":{"line":45,"column":58}},"46":{"start":{"line":47,"column":0},"end":{"line":47,"column":19}},"47":{"start":{"line":48,"column":0},"end":{"line":48,"column":51}},"48":{"start":{"line":49,"column":0},"end":{"line":49,"column":16}},"49":{"start":{"line":50,"column":0},"end":{"line":50,"column":3}},"51":{"start":{"line":52,"column":0},"end":{"line":52,"column":22}},"52":{"start":{"line":53,"column":0},"end":{"line":53,"column":35}},"53":{"start":{"line":54,"column":0},"end":{"line":54,"column":53}},"54":{"start":{"line":55,"column":0},"end":{"line":55,"column":11}},"55":{"start":{"line":56,"column":0},"end":{"line":56,"column":13}},"56":{"start":{"line":57,"column":0},"end":{"line":57,"column":4}},"57":{"start":{"line":58,"column":0},"end":{"line":58,"column":2}},"59":{"start":{"line":60,"column":0},"end":{"line":60,"column":27}}},"s":{"0":1,"1":1,"2":1,"10":1,"11":2,"12":2,"13":2,"14":2,"15":2,"16":2,"18":0,"19":0,"20":0,"21":0,"22":0,"24":0,"25":0,"26":0,"27":0,"28":0,"29":0,"31":0,"32":0,"33":0,"35":0,"36":0,"37":0,"38":0,"39":0,"40":2,"42":2,"44":0,"46":0,"47":0,"48":0,"49":0,"51":0,"52":0,"53":0,"54":0,"55":0,"56":0,"57":0,"59":1},"branchMap":{"0":{"type":"branch","line":11,"loc":{"start":{"line":11,"column":48},"end":{"line":58,"column":2}},"locations":[{"start":{"line":11,"column":48},"end":{"line":58,"column":2}}]},"1":{"type":"branch","line":43,"loc":{"start":{"line":43,"column":22},"end":{"line":58,"column":2}},"locations":[{"start":{"line":43,"column":22},"end":{"line":58,"column":2}}]},"2":{"type":"branch","line":16,"loc":{"start":{"line":16,"column":12},"end":{"line":41,"column":5}},"locations":[{"start":{"line":16,"column":12},"end":{"line":41,"column":5}}]},"3":{"type":"branch","line":17,"loc":{"start":{"line":17,"column":17},"end":{"line":40,"column":6}},"locations":[{"start":{"line":17,"column":17},"end":{"line":40,"column":6}}]}},"b":{"0":[2],"1":[0],"2":[2],"3":[0]},"fnMap":{"0":{"name":"ModalPortal","decl":{"start":{"line":11,"column":48},"end":{"line":58,"column":2}},"loc":{"start":{"line":11,"column":48},"end":{"line":58,"column":2}},"line":11},"1":{"name":"handleEscape","decl":{"start":{"line":19,"column":25},"end":{"line":23,"column":6}},"loc":{"start":{"line":19,"column":25},"end":{"line":23,"column":6}},"line":19},"2":{"name":"handleOutsideClick","decl":{"start":{"line":25,"column":31},"end":{"line":30,"column":6}},"loc":{"start":{"line":25,"column":31},"end":{"line":30,"column":6}},"line":25}},"f":{"0":2,"1":0,"2":0}}
,"/Users/veronikakashlei/Desktop/rs-forms/src/pages/home/HomePage.tsx": {"path":"/Users/veronikakashlei/Desktop/rs-forms/src/pages/home/HomePage.tsx","all":false,"statementMap":{"0":{"start":{"line":1,"column":0},"end":{"line":1,"column":33}},"1":{"start":{"line":2,"column":0},"end":{"line":2,"column":49}},"2":{"start":{"line":3,"column":0},"end":{"line":3,"column":67}},"3":{"start":{"line":4,"column":0},"end":{"line":4,"column":51}},"4":{"start":{"line":5,"column":0},"end":{"line":5,"column":56}},"6":{"start":{"line":7,"column":0},"end":{"line":7,"column":21}},"7":{"start":{"line":8,"column":0},"end":{"line":8,"column":80}},"8":{"start":{"line":9,"column":0},"end":{"line":9,"column":72}},"9":{"start":{"line":10,"column":0},"end":{"line":10,"column":10}},"10":{"start":{"line":11,"column":0},"end":{"line":11,"column":6}},"11":{"start":{"line":12,"column":0},"end":{"line":12,"column":24}},"12":{"start":{"line":13,"column":0},"end":{"line":13,"column":41}},"13":{"start":{"line":14,"column":0},"end":{"line":14,"column":65}},"15":{"start":{"line":16,"column":0},"end":{"line":16,"column":17}},"16":{"start":{"line":17,"column":0},"end":{"line":17,"column":61}},"18":{"start":{"line":19,"column":0},"end":{"line":19,"column":17}},"19":{"start":{"line":20,"column":0},"end":{"line":20,"column":12}},"20":{"start":{"line":21,"column":0},"end":{"line":21,"column":21}},"21":{"start":{"line":22,"column":0},"end":{"line":22,"column":12}},"22":{"start":{"line":23,"column":0},"end":{"line":23,"column":40}},"23":{"start":{"line":24,"column":0},"end":{"line":24,"column":57}},"24":{"start":{"line":25,"column":0},"end":{"line":25,"column":33}},"26":{"start":{"line":27,"column":0},"end":{"line":27,"column":78}},"27":{"start":{"line":28,"column":0},"end":{"line":28,"column":14}},"28":{"start":{"line":29,"column":0},"end":{"line":29,"column":12}},"29":{"start":{"line":30,"column":0},"end":{"line":30,"column":36}},"30":{"start":{"line":31,"column":0},"end":{"line":31,"column":53}},"31":{"start":{"line":32,"column":0},"end":{"line":32,"column":25}},"33":{"start":{"line":34,"column":0},"end":{"line":34,"column":66}},"34":{"start":{"line":35,"column":0},"end":{"line":35,"column":14}},"35":{"start":{"line":36,"column":0},"end":{"line":36,"column":7}},"37":{"start":{"line":38,"column":0},"end":{"line":38,"column":1}},"38":{"start":{"line":39,"column":0},"end":{"line":39,"column":24}}},"s":{"0":1,"1":1,"2":1,"3":1,"4":1,"6":1,"7":1,"8":1,"9":1,"10":1,"11":1,"12":1,"13":1,"15":1,"16":1,"18":1,"19":1,"20":1,"21":1,"22":1,"23":1,"24":1,"26":1,"27":1,"28":1,"29":1,"30":1,"31":1,"33":1,"34":1,"35":1,"37":1,"38":1},"branchMap":{"0":{"type":"branch","line":7,"loc":{"start":{"line":7,"column":0},"end":{"line":38,"column":1}},"locations":[{"start":{"line":7,"column":0},"end":{"line":38,"column":1}}]}},"b":{"0":[1]},"fnMap":{"0":{"name":"HomePage","decl":{"start":{"line":7,"column":0},"end":{"line":38,"column":1}},"loc":{"start":{"line":7,"column":0},"end":{"line":38,"column":1}},"line":7},"1":{"name":"onClick","decl":{"start":{"line":14,"column":25},"end":{"line":14,"column":65}},"loc":{"start":{"line":14,"column":25},"end":{"line":14,"column":65}},"line":14},"2":{"name":"onClick","decl":{"start":{"line":17,"column":25},"end":{"line":17,"column":61}},"loc":{"start":{"line":17,"column":25},"end":{"line":17,"column":61}},"line":17},"3":{"name":"onClose","decl":{"start":{"line":24,"column":17},"end":{"line":24,"column":57}},"loc":{"start":{"line":24,"column":17},"end":{"line":24,"column":57}},"line":24},"4":{"name":"onClose","decl":{"start":{"line":27,"column":35},"end":{"line":27,"column":76}},"loc":{"start":{"line":27,"column":35},"end":{"line":27,"column":76}},"line":27},"5":{"name":"onClose","decl":{"start":{"line":31,"column":17},"end":{"line":31,"column":53}},"loc":{"start":{"line":31,"column":17},"end":{"line":31,"column":53}},"line":31},"6":{"name":"onClose","decl":{"start":{"line":34,"column":27},"end":{"line":34,"column":64}},"loc":{"start":{"line":34,"column":27},"end":{"line":34,"column":64}},"line":34}},"f":{"0":1,"1":0,"2":0,"3":0,"4":0,"5":0,"6":0}}
,"/Users/veronikakashlei/Desktop/rs-forms/src/pages/home/components/forms/HookForm.tsx": {"path":"/Users/veronikakashlei/Desktop/rs-forms/src/pages/home/components/forms/HookForm.tsx","all":false,"statementMap":{"0":{"start":{"line":1,"column":0},"end":{"line":1,"column":40}},"1":{"start":{"line":2,"column":0},"end":{"line":2,"column":42}},"2":{"start":{"line":3,"column":0},"end":{"line":3,"column":54}},"3":{"start":{"line":4,"column":0},"end":{"line":4,"column":55}},"4":{"start":{"line":5,"column":0},"end":{"line":5,"column":55}},"6":{"start":{"line":7,"column":0},"end":{"line":7,"column":46}},"8":{"start":{"line":9,"column":0},"end":{"line":9,"column":60}},"9":{"start":{"line":10,"column":0},"end":{"line":10,"column":8}},"18":{"start":{"line":19,"column":0},"end":{"line":19,"column":60}},"19":{"start":{"line":20,"column":0},"end":{"line":20,"column":33}},"20":{"start":{"line":21,"column":0},"end":{"line":21,"column":76}},"21":{"start":{"line":22,"column":0},"end":{"line":22,"column":63}},"22":{"start":{"line":23,"column":0},"end":{"line":23,"column":49}},"23":{"start":{"line":24,"column":0},"end":{"line":24,"column":38}},"24":{"start":{"line":25,"column":0},"end":{"line":25,"column":37}},"25":{"start":{"line":26,"column":0},"end":{"line":26,"column":15}},"26":{"start":{"line":27,"column":0},"end":{"line":27,"column":19}},"27":{"start":{"line":28,"column":0},"end":{"line":28,"column":7}},"28":{"start":{"line":29,"column":0},"end":{"line":29,"column":9}},"29":{"start":{"line":30,"column":0},"end":{"line":30,"column":13}},"30":{"start":{"line":31,"column":0},"end":{"line":31,"column":17}},"31":{"start":{"line":32,"column":0},"end":{"line":32,"column":35}},"32":{"start":{"line":33,"column":0},"end":{"line":33,"column":10}},"33":{"start":{"line":34,"column":0},"end":{"line":34,"column":15}},"34":{"start":{"line":35,"column":0},"end":{"line":35,"column":34}},"35":{"start":{"line":36,"column":0},"end":{"line":36,"column":21}},"36":{"start":{"line":37,"column":0},"end":{"line":37,"column":5}},"37":{"start":{"line":38,"column":0},"end":{"line":38,"column":46}},"38":{"start":{"line":39,"column":0},"end":{"line":39,"column":25}},"39":{"start":{"line":40,"column":0},"end":{"line":40,"column":24}},"40":{"start":{"line":41,"column":0},"end":{"line":41,"column":60}},"41":{"start":{"line":42,"column":0},"end":{"line":42,"column":36}},"42":{"start":{"line":43,"column":0},"end":{"line":43,"column":12}},"43":{"start":{"line":44,"column":0},"end":{"line":44,"column":77}},"44":{"start":{"line":45,"column":0},"end":{"line":45,"column":5}},"45":{"start":{"line":46,"column":0},"end":{"line":46,"column":22}},"46":{"start":{"line":47,"column":0},"end":{"line":47,"column":46}},"47":{"start":{"line":48,"column":0},"end":{"line":48,"column":27}},"48":{"start":{"line":49,"column":0},"end":{"line":49,"column":50}},"49":{"start":{"line":50,"column":0},"end":{"line":50,"column":61}},"50":{"start":{"line":51,"column":0},"end":{"line":51,"column":5}},"52":{"start":{"line":53,"column":0},"end":{"line":53,"column":23}},"53":{"start":{"line":54,"column":0},"end":{"line":54,"column":22}},"54":{"start":{"line":55,"column":0},"end":{"line":55,"column":20}},"55":{"start":{"line":56,"column":0},"end":{"line":56,"column":24}},"56":{"start":{"line":57,"column":0},"end":{"line":57,"column":30}},"57":{"start":{"line":58,"column":0},"end":{"line":58,"column":44}},"58":{"start":{"line":59,"column":0},"end":{"line":59,"column":26}},"59":{"start":{"line":60,"column":0},"end":{"line":60,"column":24}},"60":{"start":{"line":61,"column":0},"end":{"line":61,"column":29}},"61":{"start":{"line":62,"column":0},"end":{"line":62,"column":28}},"62":{"start":{"line":63,"column":0},"end":{"line":63,"column":28}},"63":{"start":{"line":64,"column":0},"end":{"line":64,"column":32}},"64":{"start":{"line":65,"column":0},"end":{"line":65,"column":6}},"66":{"start":{"line":67,"column":0},"end":{"line":67,"column":37}},"67":{"start":{"line":68,"column":0},"end":{"line":68,"column":14}},"68":{"start":{"line":69,"column":0},"end":{"line":69,"column":4}},"70":{"start":{"line":71,"column":0},"end":{"line":71,"column":72}},"71":{"start":{"line":72,"column":0},"end":{"line":72,"column":33}},"72":{"start":{"line":73,"column":0},"end":{"line":73,"column":48}},"73":{"start":{"line":74,"column":0},"end":{"line":74,"column":4}},"74":{"start":{"line":75,"column":0},"end":{"line":75,"column":10}},"75":{"start":{"line":76,"column":0},"end":{"line":76,"column":61}},"76":{"start":{"line":77,"column":0},"end":{"line":77,"column":34}},"77":{"start":{"line":78,"column":0},"end":{"line":78,"column":47}},"78":{"start":{"line":79,"column":0},"end":{"line":79,"column":54}},"79":{"start":{"line":80,"column":0},"end":{"line":80,"column":76}},"80":{"start":{"line":81,"column":0},"end":{"line":81,"column":12}},"82":{"start":{"line":83,"column":0},"end":{"line":83,"column":34}},"83":{"start":{"line":84,"column":0},"end":{"line":84,"column":45}},"84":{"start":{"line":85,"column":0},"end":{"line":85,"column":14}},"85":{"start":{"line":86,"column":0},"end":{"line":86,"column":23}},"86":{"start":{"line":87,"column":0},"end":{"line":87,"column":23}},"87":{"start":{"line":88,"column":0},"end":{"line":88,"column":55}},"88":{"start":{"line":89,"column":0},"end":{"line":89,"column":10}},"89":{"start":{"line":90,"column":0},"end":{"line":90,"column":74}},"90":{"start":{"line":91,"column":0},"end":{"line":91,"column":12}},"92":{"start":{"line":93,"column":0},"end":{"line":93,"column":34}},"93":{"start":{"line":94,"column":0},"end":{"line":94,"column":49}},"94":{"start":{"line":95,"column":0},"end":{"line":95,"column":69}},"95":{"start":{"line":96,"column":0},"end":{"line":96,"column":78}},"96":{"start":{"line":97,"column":0},"end":{"line":97,"column":12}},"98":{"start":{"line":99,"column":0},"end":{"line":99,"column":34}},"99":{"start":{"line":100,"column":0},"end":{"line":100,"column":55}},"100":{"start":{"line":101,"column":0},"end":{"line":101,"column":78}},"101":{"start":{"line":102,"column":0},"end":{"line":102,"column":27}},"102":{"start":{"line":103,"column":0},"end":{"line":103,"column":45}},"103":{"start":{"line":104,"column":0},"end":{"line":104,"column":42}},"104":{"start":{"line":105,"column":0},"end":{"line":105,"column":18}},"105":{"start":{"line":106,"column":0},"end":{"line":106,"column":41}},"106":{"start":{"line":107,"column":0},"end":{"line":107,"column":24}},"107":{"start":{"line":108,"column":0},"end":{"line":108,"column":66}},"108":{"start":{"line":109,"column":0},"end":{"line":109,"column":79}},"109":{"start":{"line":110,"column":0},"end":{"line":110,"column":18}},"110":{"start":{"line":111,"column":0},"end":{"line":111,"column":16}},"111":{"start":{"line":112,"column":0},"end":{"line":112,"column":18}},"112":{"start":{"line":113,"column":0},"end":{"line":113,"column":43}},"113":{"start":{"line":114,"column":0},"end":{"line":114,"column":68}},"114":{"start":{"line":115,"column":0},"end":{"line":115,"column":18}},"115":{"start":{"line":116,"column":0},"end":{"line":116,"column":54}},"116":{"start":{"line":117,"column":0},"end":{"line":117,"column":49}},"117":{"start":{"line":118,"column":0},"end":{"line":118,"column":64}},"118":{"start":{"line":119,"column":0},"end":{"line":119,"column":61}},"119":{"start":{"line":120,"column":0},"end":{"line":120,"column":27}},"120":{"start":{"line":121,"column":0},"end":{"line":121,"column":24}},"121":{"start":{"line":122,"column":0},"end":{"line":122,"column":19}},"122":{"start":{"line":123,"column":0},"end":{"line":123,"column":20}},"124":{"start":{"line":125,"column":0},"end":{"line":125,"column":16}},"126":{"start":{"line":127,"column":0},"end":{"line":127,"column":29}},"127":{"start":{"line":128,"column":0},"end":{"line":128,"column":65}},"129":{"start":{"line":130,"column":0},"end":{"line":130,"column":12}},"130":{"start":{"line":131,"column":0},"end":{"line":131,"column":34}},"131":{"start":{"line":132,"column":0},"end":{"line":132,"column":70}},"132":{"start":{"line":133,"column":0},"end":{"line":133,"column":14}},"133":{"start":{"line":134,"column":0},"end":{"line":134,"column":35}},"134":{"start":{"line":135,"column":0},"end":{"line":135,"column":25}},"135":{"start":{"line":136,"column":0},"end":{"line":136,"column":42}},"136":{"start":{"line":137,"column":0},"end":{"line":137,"column":10}},"137":{"start":{"line":138,"column":0},"end":{"line":138,"column":36}},"138":{"start":{"line":139,"column":0},"end":{"line":139,"column":72}},"140":{"start":{"line":141,"column":0},"end":{"line":141,"column":12}},"142":{"start":{"line":143,"column":0},"end":{"line":143,"column":34}},"143":{"start":{"line":144,"column":0},"end":{"line":144,"column":51}},"144":{"start":{"line":145,"column":0},"end":{"line":145,"column":57}},"145":{"start":{"line":146,"column":0},"end":{"line":146,"column":49}},"146":{"start":{"line":147,"column":0},"end":{"line":147,"column":44}},"147":{"start":{"line":148,"column":0},"end":{"line":148,"column":48}},"148":{"start":{"line":149,"column":0},"end":{"line":149,"column":46}},"149":{"start":{"line":150,"column":0},"end":{"line":150,"column":17}},"150":{"start":{"line":151,"column":0},"end":{"line":151,"column":80}},"151":{"start":{"line":152,"column":0},"end":{"line":152,"column":12}},"153":{"start":{"line":154,"column":0},"end":{"line":154,"column":34}},"154":{"start":{"line":155,"column":0},"end":{"line":155,"column":72}},"155":{"start":{"line":156,"column":0},"end":{"line":156,"column":14}},"156":{"start":{"line":157,"column":0},"end":{"line":157,"column":27}},"157":{"start":{"line":158,"column":0},"end":{"line":158,"column":21}},"158":{"start":{"line":159,"column":0},"end":{"line":159,"column":34}},"159":{"start":{"line":160,"column":0},"end":{"line":160,"column":34}},"160":{"start":{"line":161,"column":0},"end":{"line":161,"column":37}},"161":{"start":{"line":162,"column":0},"end":{"line":162,"column":10}},"162":{"start":{"line":163,"column":0},"end":{"line":163,"column":69}},"163":{"start":{"line":164,"column":0},"end":{"line":164,"column":28}},"164":{"start":{"line":165,"column":0},"end":{"line":165,"column":64}},"166":{"start":{"line":167,"column":0},"end":{"line":167,"column":12}},"168":{"start":{"line":169,"column":0},"end":{"line":169,"column":34}},"169":{"start":{"line":170,"column":0},"end":{"line":170,"column":53}},"170":{"start":{"line":171,"column":0},"end":{"line":171,"column":14}},"171":{"start":{"line":172,"column":0},"end":{"line":172,"column":27}},"172":{"start":{"line":173,"column":0},"end":{"line":173,"column":31}},"173":{"start":{"line":174,"column":0},"end":{"line":174,"column":34}},"174":{"start":{"line":175,"column":0},"end":{"line":175,"column":10}},"175":{"start":{"line":176,"column":0},"end":{"line":176,"column":38}},"176":{"start":{"line":177,"column":0},"end":{"line":177,"column":48}},"177":{"start":{"line":178,"column":0},"end":{"line":178,"column":62}},"178":{"start":{"line":179,"column":0},"end":{"line":179,"column":13}},"179":{"start":{"line":180,"column":0},"end":{"line":180,"column":19}},"180":{"start":{"line":181,"column":0},"end":{"line":181,"column":28}},"181":{"start":{"line":182,"column":0},"end":{"line":182,"column":64}},"183":{"start":{"line":184,"column":0},"end":{"line":184,"column":12}},"185":{"start":{"line":186,"column":0},"end":{"line":186,"column":49}},"186":{"start":{"line":187,"column":0},"end":{"line":187,"column":72}},"187":{"start":{"line":188,"column":0},"end":{"line":188,"column":77}},"188":{"start":{"line":189,"column":0},"end":{"line":189,"column":78}},"189":{"start":{"line":190,"column":0},"end":{"line":190,"column":12}},"191":{"start":{"line":192,"column":0},"end":{"line":192,"column":48}},"193":{"start":{"line":194,"column":0},"end":{"line":194,"column":15}},"194":{"start":{"line":195,"column":0},"end":{"line":195,"column":11}},"196":{"start":{"line":197,"column":0},"end":{"line":197,"column":2}},"198":{"start":{"line":199,"column":0},"end":{"line":199,"column":24}}},"s":{"0":1,"1":1,"2":1,"3":1,"4":1,"6":1,"8":1,"9":1,"18":1,"19":10,"20":10,"21":10,"22":10,"23":10,"24":10,"25":10,"26":10,"27":10,"28":10,"29":10,"30":10,"31":10,"32":10,"33":10,"34":10,"35":10,"36":10,"37":10,"38":10,"39":5,"40":2,"41":2,"42":5,"43":3,"44":3,"45":10,"46":10,"47":0,"48":0,"49":0,"50":0,"52":0,"53":0,"54":0,"55":0,"56":0,"57":0,"58":0,"59":0,"60":0,"61":0,"62":0,"63":0,"64":0,"66":0,"67":0,"68":0,"70":10,"71":0,"72":0,"73":0,"74":10,"75":10,"76":10,"77":10,"78":10,"79":10,"80":10,"82":10,"83":10,"84":10,"85":10,"86":10,"87":10,"88":10,"89":10,"90":10,"92":10,"93":10,"94":10,"95":10,"96":10,"98":10,"99":10,"100":10,"101":10,"102":4,"103":4,"104":4,"105":4,"106":4,"107":4,"108":4,"109":4,"110":4,"111":4,"112":4,"113":4,"114":4,"115":4,"116":0,"117":0,"118":0,"119":0,"120":0,"121":0,"122":0,"124":4,"126":10,"127":0,"129":10,"130":10,"131":10,"132":10,"133":10,"134":10,"135":10,"136":10,"137":10,"138":0,"140":10,"142":10,"143":10,"144":10,"145":10,"146":10,"147":10,"148":10,"149":10,"150":10,"151":10,"153":10,"154":10,"155":10,"156":10,"157":10,"158":10,"159":10,"160":10,"161":10,"162":10,"163":10,"164":0,"166":10,"168":10,"169":10,"170":10,"171":10,"172":10,"173":10,"174":10,"175":10,"176":10,"177":60,"178":10,"179":10,"180":10,"181":0,"183":10,"185":10,"186":10,"187":10,"188":10,"189":10,"191":10,"193":10,"194":10,"196":10,"198":1},"branchMap":{"0":{"type":"branch","line":19,"loc":{"start":{"line":19,"column":42},"end":{"line":197,"column":2}},"locations":[{"start":{"line":19,"column":42},"end":{"line":197,"column":2}}]},"1":{"type":"branch","line":80,"loc":{"start":{"line":80,"column":16},"end":{"line":80,"column":76}},"locations":[{"start":{"line":80,"column":16},"end":{"line":80,"column":76}}]},"2":{"type":"branch","line":90,"loc":{"start":{"line":90,"column":16},"end":{"line":90,"column":74}},"locations":[{"start":{"line":90,"column":16},"end":{"line":90,"column":74}}]},"3":{"type":"branch","line":96,"loc":{"start":{"line":96,"column":16},"end":{"line":96,"column":78}},"locations":[{"start":{"line":96,"column":16},"end":{"line":96,"column":78}}]},"4":{"type":"branch","line":102,"loc":{"start":{"line":102,"column":9},"end":{"line":125,"column":16}},"locations":[{"start":{"line":102,"column":9},"end":{"line":125,"column":16}}]},"5":{"type":"branch","line":116,"loc":{"start":{"line":116,"column":48},"end":{"line":123,"column":20}},"locations":[{"start":{"line":116,"column":48},"end":{"line":123,"column":20}}]},"6":{"type":"branch","line":127,"loc":{"start":{"line":127,"column":16},"end":{"line":128,"column":65}},"locations":[{"start":{"line":127,"column":16},"end":{"line":128,"column":65}}]},"7":{"type":"branch","line":138,"loc":{"start":{"line":138,"column":16},"end":{"line":139,"column":72}},"locations":[{"start":{"line":138,"column":16},"end":{"line":139,"column":72}}]},"8":{"type":"branch","line":151,"loc":{"start":{"line":151,"column":16},"end":{"line":151,"column":80}},"locations":[{"start":{"line":151,"column":16},"end":{"line":151,"column":80}}]},"9":{"type":"branch","line":163,"loc":{"start":{"line":163,"column":9},"end":{"line":163,"column":69}},"locations":[{"start":{"line":163,"column":9},"end":{"line":163,"column":69}}]},"10":{"type":"branch","line":164,"loc":{"start":{"line":164,"column":16},"end":{"line":165,"column":64}},"locations":[{"start":{"line":164,"column":16},"end":{"line":165,"column":64}}]},"11":{"type":"branch","line":181,"loc":{"start":{"line":181,"column":16},"end":{"line":182,"column":64}},"locations":[{"start":{"line":181,"column":16},"end":{"line":182,"column":64}}]},"12":{"type":"branch","line":189,"loc":{"start":{"line":189,"column":16},"end":{"line":189,"column":78}},"locations":[{"start":{"line":189,"column":16},"end":{"line":189,"column":78}}]},"13":{"type":"branch","line":21,"loc":{"start":{"line":21,"column":32},"end":{"line":21,"column":74}},"locations":[{"start":{"line":21,"column":32},"end":{"line":21,"column":74}}]},"14":{"type":"branch","line":39,"loc":{"start":{"line":39,"column":18},"end":{"line":46,"column":5}},"locations":[{"start":{"line":39,"column":18},"end":{"line":46,"column":5}}]},"15":{"type":"branch","line":40,"loc":{"start":{"line":40,"column":23},"end":{"line":43,"column":11}},"locations":[{"start":{"line":40,"column":23},"end":{"line":43,"column":11}}]},"16":{"type":"branch","line":43,"loc":{"start":{"line":43,"column":4},"end":{"line":45,"column":5}},"locations":[{"start":{"line":43,"column":4},"end":{"line":45,"column":5}}]},"17":{"type":"branch","line":177,"loc":{"start":{"line":177,"column":25},"end":{"line":178,"column":62}},"locations":[{"start":{"line":177,"column":25},"end":{"line":178,"column":62}}]}},"b":{"0":[10],"1":[0],"2":[0],"3":[0],"4":[4],"5":[0],"6":[0],"7":[0],"8":[0],"9":[0],"10":[0],"11":[0],"12":[0],"13":[13],"14":[5],"15":[2],"16":[3],"17":[60]},"fnMap":{"0":{"name":"HookForm","decl":{"start":{"line":19,"column":42},"end":{"line":197,"column":2}},"loc":{"start":{"line":19,"column":42},"end":{"line":197,"column":2}},"line":19},"1":{"name":"onSubmit","decl":{"start":{"line":47,"column":19},"end":{"line":69,"column":4}},"loc":{"start":{"line":47,"column":19},"end":{"line":69,"column":4}},"line":47},"2":{"name":"handleFileChange","decl":{"start":{"line":71,"column":27},"end":{"line":74,"column":4}},"loc":{"start":{"line":71,"column":27},"end":{"line":74,"column":4}},"line":71}},"f":{"0":10,"1":0,"2":0}}
,"/Users/veronikakashlei/Desktop/rs-forms/src/pages/home/components/forms/UncontrolledForm.tsx": {"path":"/Users/veronikakashlei/Desktop/rs-forms/src/pages/home/components/forms/UncontrolledForm.tsx","all":false,"statementMap":{"0":{"start":{"line":1,"column":0},"end":{"line":1,"column":55}},"1":{"start":{"line":2,"column":0},"end":{"line":2,"column":48}},"2":{"start":{"line":3,"column":0},"end":{"line":3,"column":42}},"3":{"start":{"line":4,"column":0},"end":{"line":4,"column":27}},"4":{"start":{"line":5,"column":0},"end":{"line":5,"column":20}},"5":{"start":{"line":6,"column":0},"end":{"line":6,"column":46}},"7":{"start":{"line":8,"column":0},"end":{"line":8,"column":60}},"8":{"start":{"line":9,"column":0},"end":{"line":9,"column":8}},"17":{"start":{"line":18,"column":0},"end":{"line":18,"column":76}},"18":{"start":{"line":19,"column":0},"end":{"line":19,"column":33}},"19":{"start":{"line":20,"column":0},"end":{"line":20,"column":48}},"20":{"start":{"line":21,"column":0},"end":{"line":21,"column":55}},"21":{"start":{"line":22,"column":0},"end":{"line":22,"column":49}},"22":{"start":{"line":23,"column":0},"end":{"line":23,"column":38}},"23":{"start":{"line":24,"column":0},"end":{"line":24,"column":37}},"24":{"start":{"line":25,"column":0},"end":{"line":25,"column":15}},"25":{"start":{"line":26,"column":0},"end":{"line":26,"column":19}},"26":{"start":{"line":27,"column":0},"end":{"line":27,"column":7}},"27":{"start":{"line":28,"column":0},"end":{"line":28,"column":53}},"28":{"start":{"line":29,"column":0},"end":{"line":29,"column":76}},"29":{"start":{"line":30,"column":0},"end":{"line":30,"column":36}},"30":{"start":{"line":31,"column":0},"end":{"line":31,"column":19}},"31":{"start":{"line":32,"column":0},"end":{"line":32,"column":55}},"32":{"start":{"line":33,"column":0},"end":{"line":33,"column":36}},"33":{"start":{"line":34,"column":0},"end":{"line":34,"column":12}},"34":{"start":{"line":35,"column":0},"end":{"line":35,"column":77}},"35":{"start":{"line":36,"column":0},"end":{"line":36,"column":5}},"36":{"start":{"line":37,"column":0},"end":{"line":37,"column":4}},"37":{"start":{"line":38,"column":0},"end":{"line":38,"column":54}},"38":{"start":{"line":39,"column":0},"end":{"line":39,"column":23}},"40":{"start":{"line":41,"column":0},"end":{"line":41,"column":33}},"42":{"start":{"line":43,"column":0},"end":{"line":43,"column":51}},"43":{"start":{"line":44,"column":0},"end":{"line":44,"column":56}},"45":{"start":{"line":46,"column":0},"end":{"line":46,"column":25}},"46":{"start":{"line":47,"column":0},"end":{"line":47,"column":43}},"47":{"start":{"line":48,"column":0},"end":{"line":48,"column":39}},"48":{"start":{"line":49,"column":0},"end":{"line":49,"column":45}},"49":{"start":{"line":50,"column":0},"end":{"line":50,"column":51}},"50":{"start":{"line":51,"column":0},"end":{"line":51,"column":65}},"51":{"start":{"line":52,"column":0},"end":{"line":52,"column":47}},"52":{"start":{"line":53,"column":0},"end":{"line":53,"column":44}},"53":{"start":{"line":54,"column":0},"end":{"line":54,"column":27}},"54":{"start":{"line":55,"column":0},"end":{"line":55,"column":49}},"55":{"start":{"line":56,"column":0},"end":{"line":56,"column":6}},"57":{"start":{"line":58,"column":0},"end":{"line":58,"column":9}},"58":{"start":{"line":59,"column":0},"end":{"line":59,"column":64}},"60":{"start":{"line":61,"column":0},"end":{"line":61,"column":29}},"61":{"start":{"line":62,"column":0},"end":{"line":62,"column":64}},"62":{"start":{"line":63,"column":0},"end":{"line":63,"column":67}},"63":{"start":{"line":64,"column":0},"end":{"line":64,"column":7}},"65":{"start":{"line":66,"column":0},"end":{"line":66,"column":25}},"66":{"start":{"line":67,"column":0},"end":{"line":67,"column":31}},"67":{"start":{"line":68,"column":0},"end":{"line":68,"column":29}},"68":{"start":{"line":69,"column":0},"end":{"line":69,"column":33}},"69":{"start":{"line":70,"column":0},"end":{"line":70,"column":39}},"70":{"start":{"line":71,"column":0},"end":{"line":71,"column":53}},"71":{"start":{"line":72,"column":0},"end":{"line":72,"column":35}},"72":{"start":{"line":73,"column":0},"end":{"line":73,"column":33}},"73":{"start":{"line":74,"column":0},"end":{"line":74,"column":31}},"74":{"start":{"line":75,"column":0},"end":{"line":75,"column":37}},"75":{"start":{"line":76,"column":0},"end":{"line":76,"column":30}},"76":{"start":{"line":77,"column":0},"end":{"line":77,"column":42}},"77":{"start":{"line":78,"column":0},"end":{"line":78,"column":8}},"79":{"start":{"line":80,"column":0},"end":{"line":80,"column":39}},"80":{"start":{"line":81,"column":0},"end":{"line":81,"column":20}},"81":{"start":{"line":82,"column":0},"end":{"line":82,"column":16}},"82":{"start":{"line":83,"column":0},"end":{"line":83,"column":19}},"83":{"start":{"line":84,"column":0},"end":{"line":84,"column":47}},"84":{"start":{"line":85,"column":0},"end":{"line":85,"column":41}},"85":{"start":{"line":86,"column":0},"end":{"line":86,"column":38}},"86":{"start":{"line":87,"column":0},"end":{"line":87,"column":27}},"87":{"start":{"line":88,"column":0},"end":{"line":88,"column":70}},"88":{"start":{"line":89,"column":0},"end":{"line":89,"column":11}},"89":{"start":{"line":90,"column":0},"end":{"line":90,"column":11}},"90":{"start":{"line":91,"column":0},"end":{"line":91,"column":29}},"91":{"start":{"line":92,"column":0},"end":{"line":92,"column":7}},"92":{"start":{"line":93,"column":0},"end":{"line":93,"column":5}},"93":{"start":{"line":94,"column":0},"end":{"line":94,"column":4}},"95":{"start":{"line":96,"column":0},"end":{"line":96,"column":10}},"96":{"start":{"line":97,"column":0},"end":{"line":97,"column":65}},"97":{"start":{"line":98,"column":0},"end":{"line":98,"column":34}},"98":{"start":{"line":99,"column":0},"end":{"line":99,"column":42}},"99":{"start":{"line":100,"column":0},"end":{"line":100,"column":51}},"100":{"start":{"line":101,"column":0},"end":{"line":101,"column":67}},"101":{"start":{"line":102,"column":0},"end":{"line":102,"column":12}},"103":{"start":{"line":104,"column":0},"end":{"line":104,"column":34}},"104":{"start":{"line":105,"column":0},"end":{"line":105,"column":40}},"105":{"start":{"line":106,"column":0},"end":{"line":106,"column":51}},"106":{"start":{"line":107,"column":0},"end":{"line":107,"column":65}},"107":{"start":{"line":108,"column":0},"end":{"line":108,"column":12}},"109":{"start":{"line":110,"column":0},"end":{"line":110,"column":34}},"110":{"start":{"line":111,"column":0},"end":{"line":111,"column":44}},"111":{"start":{"line":112,"column":0},"end":{"line":112,"column":54}},"112":{"start":{"line":113,"column":0},"end":{"line":113,"column":69}},"113":{"start":{"line":114,"column":0},"end":{"line":114,"column":12}},"115":{"start":{"line":116,"column":0},"end":{"line":116,"column":34}},"116":{"start":{"line":117,"column":0},"end":{"line":117,"column":50}},"117":{"start":{"line":118,"column":0},"end":{"line":118,"column":14}},"118":{"start":{"line":119,"column":0},"end":{"line":119,"column":25}},"119":{"start":{"line":120,"column":0},"end":{"line":120,"column":23}},"120":{"start":{"line":121,"column":0},"end":{"line":121,"column":25}},"121":{"start":{"line":122,"column":0},"end":{"line":122,"column":27}},"122":{"start":{"line":123,"column":0},"end":{"line":123,"column":41}},"123":{"start":{"line":124,"column":0},"end":{"line":124,"column":10}},"124":{"start":{"line":125,"column":0},"end":{"line":125,"column":40}},"125":{"start":{"line":126,"column":0},"end":{"line":126,"column":45}},"126":{"start":{"line":127,"column":0},"end":{"line":127,"column":42}},"127":{"start":{"line":128,"column":0},"end":{"line":128,"column":18}},"128":{"start":{"line":129,"column":0},"end":{"line":129,"column":41}},"129":{"start":{"line":130,"column":0},"end":{"line":130,"column":24}},"130":{"start":{"line":131,"column":0},"end":{"line":131,"column":66}},"131":{"start":{"line":132,"column":0},"end":{"line":132,"column":79}},"132":{"start":{"line":133,"column":0},"end":{"line":133,"column":18}},"133":{"start":{"line":134,"column":0},"end":{"line":134,"column":16}},"134":{"start":{"line":135,"column":0},"end":{"line":135,"column":18}},"135":{"start":{"line":136,"column":0},"end":{"line":136,"column":43}},"136":{"start":{"line":137,"column":0},"end":{"line":137,"column":68}},"137":{"start":{"line":138,"column":0},"end":{"line":138,"column":18}},"138":{"start":{"line":139,"column":0},"end":{"line":139,"column":54}},"139":{"start":{"line":140,"column":0},"end":{"line":140,"column":49}},"140":{"start":{"line":141,"column":0},"end":{"line":141,"column":64}},"141":{"start":{"line":142,"column":0},"end":{"line":142,"column":61}},"142":{"start":{"line":143,"column":0},"end":{"line":143,"column":27}},"143":{"start":{"line":144,"column":0},"end":{"line":144,"column":24}},"144":{"start":{"line":145,"column":0},"end":{"line":145,"column":19}},"145":{"start":{"line":146,"column":0},"end":{"line":146,"column":20}},"147":{"start":{"line":148,"column":0},"end":{"line":148,"column":16}},"149":{"start":{"line":150,"column":0},"end":{"line":150,"column":75}},"150":{"start":{"line":151,"column":0},"end":{"line":151,"column":12}},"151":{"start":{"line":152,"column":0},"end":{"line":152,"column":34}},"152":{"start":{"line":153,"column":0},"end":{"line":153,"column":65}},"153":{"start":{"line":154,"column":0},"end":{"line":154,"column":77}},"154":{"start":{"line":155,"column":0},"end":{"line":155,"column":36}},"155":{"start":{"line":156,"column":0},"end":{"line":156,"column":63}},"157":{"start":{"line":158,"column":0},"end":{"line":158,"column":12}},"159":{"start":{"line":160,"column":0},"end":{"line":160,"column":34}},"160":{"start":{"line":161,"column":0},"end":{"line":161,"column":46}},"161":{"start":{"line":162,"column":0},"end":{"line":162,"column":42}},"162":{"start":{"line":163,"column":0},"end":{"line":163,"column":49}},"163":{"start":{"line":164,"column":0},"end":{"line":164,"column":44}},"164":{"start":{"line":165,"column":0},"end":{"line":165,"column":48}},"165":{"start":{"line":166,"column":0},"end":{"line":166,"column":46}},"166":{"start":{"line":167,"column":0},"end":{"line":167,"column":17}},"167":{"start":{"line":168,"column":0},"end":{"line":168,"column":71}},"168":{"start":{"line":169,"column":0},"end":{"line":169,"column":12}},"170":{"start":{"line":171,"column":0},"end":{"line":171,"column":34}},"171":{"start":{"line":172,"column":0},"end":{"line":172,"column":67}},"172":{"start":{"line":173,"column":0},"end":{"line":173,"column":14}},"173":{"start":{"line":174,"column":0},"end":{"line":174,"column":21}},"174":{"start":{"line":175,"column":0},"end":{"line":175,"column":22}},"175":{"start":{"line":176,"column":0},"end":{"line":176,"column":24}},"176":{"start":{"line":177,"column":0},"end":{"line":177,"column":34}},"177":{"start":{"line":178,"column":0},"end":{"line":178,"column":10}},"178":{"start":{"line":179,"column":0},"end":{"line":179,"column":73}},"179":{"start":{"line":180,"column":0},"end":{"line":180,"column":12}},"181":{"start":{"line":182,"column":0},"end":{"line":182,"column":34}},"182":{"start":{"line":183,"column":0},"end":{"line":183,"column":48}},"183":{"start":{"line":184,"column":0},"end":{"line":184,"column":79}},"184":{"start":{"line":185,"column":0},"end":{"line":185,"column":38}},"185":{"start":{"line":186,"column":0},"end":{"line":186,"column":35}},"186":{"start":{"line":187,"column":0},"end":{"line":187,"column":32}},"187":{"start":{"line":188,"column":0},"end":{"line":188,"column":36}},"188":{"start":{"line":189,"column":0},"end":{"line":189,"column":35}},"189":{"start":{"line":190,"column":0},"end":{"line":190,"column":34}},"190":{"start":{"line":191,"column":0},"end":{"line":191,"column":36}},"191":{"start":{"line":192,"column":0},"end":{"line":192,"column":19}},"192":{"start":{"line":193,"column":0},"end":{"line":193,"column":73}},"193":{"start":{"line":194,"column":0},"end":{"line":194,"column":12}},"195":{"start":{"line":196,"column":0},"end":{"line":196,"column":49}},"196":{"start":{"line":197,"column":0},"end":{"line":197,"column":57}},"197":{"start":{"line":198,"column":0},"end":{"line":198,"column":72}},"198":{"start":{"line":199,"column":0},"end":{"line":199,"column":69}},"199":{"start":{"line":200,"column":0},"end":{"line":200,"column":12}},"201":{"start":{"line":202,"column":0},"end":{"line":202,"column":43}},"202":{"start":{"line":203,"column":0},"end":{"line":203,"column":11}},"204":{"start":{"line":205,"column":0},"end":{"line":205,"column":2}},"206":{"start":{"line":207,"column":0},"end":{"line":207,"column":32}}},"s":{"0":1,"1":1,"2":1,"3":1,"4":1,"5":1,"7":1,"8":1,"17":1,"18":8,"19":8,"20":8,"21":8,"22":8,"23":8,"24":8,"25":8,"26":8,"27":8,"28":8,"29":2,"30":2,"31":2,"32":2,"33":2,"34":0,"35":0,"36":2,"37":8,"38":2,"40":2,"42":2,"43":2,"45":2,"46":2,"47":2,"48":2,"49":2,"50":2,"51":2,"52":2,"53":2,"54":2,"55":2,"57":2,"58":2,"60":1,"61":2,"62":0,"63":0,"65":1,"66":1,"67":1,"68":1,"69":1,"70":1,"71":1,"72":1,"73":1,"74":1,"75":1,"76":1,"77":1,"79":1,"80":1,"81":1,"82":1,"83":1,"84":1,"85":1,"86":14,"87":14,"88":14,"89":1,"90":1,"91":1,"92":1,"93":2,"95":8,"96":8,"97":8,"98":8,"99":8,"100":8,"101":8,"103":8,"104":8,"105":8,"106":8,"107":8,"109":8,"110":8,"111":8,"112":8,"113":8,"115":8,"116":8,"117":8,"118":8,"119":8,"120":8,"121":8,"122":8,"123":8,"124":8,"125":3,"126":3,"127":3,"128":3,"129":3,"130":3,"131":3,"132":3,"133":3,"134":3,"135":3,"136":3,"137":3,"138":3,"139":0,"140":0,"141":0,"142":0,"143":0,"144":0,"145":0,"147":3,"149":8,"150":8,"151":8,"152":8,"153":8,"154":8,"155":1,"157":8,"159":8,"160":8,"161":8,"162":8,"163":8,"164":8,"165":8,"166":8,"167":8,"168":8,"170":8,"171":8,"172":8,"173":8,"174":8,"175":8,"176":8,"177":8,"178":8,"179":8,"181":8,"182":8,"183":8,"184":8,"185":8,"186":8,"187":8,"188":8,"189":8,"190":8,"191":8,"192":8,"193":8,"195":8,"196":8,"197":8,"198":8,"199":8,"201":8,"202":8,"204":8,"206":1},"branchMap":{"0":{"type":"branch","line":18,"loc":{"start":{"line":18,"column":58},"end":{"line":205,"column":2}},"locations":[{"start":{"line":18,"column":58},"end":{"line":205,"column":2}}]},"1":{"type":"branch","line":101,"loc":{"start":{"line":101,"column":16},"end":{"line":101,"column":67}},"locations":[{"start":{"line":101,"column":16},"end":{"line":101,"column":67}}]},"2":{"type":"branch","line":107,"loc":{"start":{"line":107,"column":16},"end":{"line":107,"column":65}},"locations":[{"start":{"line":107,"column":16},"end":{"line":107,"column":65}}]},"3":{"type":"branch","line":113,"loc":{"start":{"line":113,"column":16},"end":{"line":113,"column":69}},"locations":[{"start":{"line":113,"column":16},"end":{"line":113,"column":69}}]},"4":{"type":"branch","line":125,"loc":{"start":{"line":125,"column":21},"end":{"line":125,"column":40}},"locations":[{"start":{"line":125,"column":21},"end":{"line":125,"column":40}}]},"5":{"type":"branch","line":125,"loc":{"start":{"line":125,"column":30},"end":{"line":148,"column":16}},"locations":[{"start":{"line":125,"column":30},"end":{"line":148,"column":16}}]},"6":{"type":"branch","line":139,"loc":{"start":{"line":139,"column":48},"end":{"line":146,"column":20}},"locations":[{"start":{"line":139,"column":48},"end":{"line":146,"column":20}}]},"7":{"type":"branch","line":150,"loc":{"start":{"line":150,"column":16},"end":{"line":150,"column":75}},"locations":[{"start":{"line":150,"column":16},"end":{"line":150,"column":75}}]},"8":{"type":"branch","line":155,"loc":{"start":{"line":155,"column":16},"end":{"line":156,"column":63}},"locations":[{"start":{"line":155,"column":16},"end":{"line":156,"column":63}}]},"9":{"type":"branch","line":168,"loc":{"start":{"line":168,"column":16},"end":{"line":168,"column":71}},"locations":[{"start":{"line":168,"column":16},"end":{"line":168,"column":71}}]},"10":{"type":"branch","line":179,"loc":{"start":{"line":179,"column":16},"end":{"line":179,"column":73}},"locations":[{"start":{"line":179,"column":16},"end":{"line":179,"column":73}}]},"11":{"type":"branch","line":193,"loc":{"start":{"line":193,"column":16},"end":{"line":193,"column":73}},"locations":[{"start":{"line":193,"column":16},"end":{"line":193,"column":73}}]},"12":{"type":"branch","line":199,"loc":{"start":{"line":199,"column":16},"end":{"line":199,"column":69}},"locations":[{"start":{"line":199,"column":16},"end":{"line":199,"column":69}}]},"13":{"type":"branch","line":29,"loc":{"start":{"line":29,"column":31},"end":{"line":37,"column":4}},"locations":[{"start":{"line":29,"column":31},"end":{"line":37,"column":4}}]},"14":{"type":"branch","line":34,"loc":{"start":{"line":34,"column":4},"end":{"line":36,"column":5}},"locations":[{"start":{"line":34,"column":4},"end":{"line":36,"column":5}}]},"15":{"type":"branch","line":38,"loc":{"start":{"line":38,"column":23},"end":{"line":94,"column":4}},"locations":[{"start":{"line":38,"column":23},"end":{"line":94,"column":4}}]},"16":{"type":"branch","line":41,"loc":{"start":{"line":41,"column":26},"end":{"line":41,"column":33}},"locations":[{"start":{"line":41,"column":26},"end":{"line":41,"column":33}}]},"17":{"type":"branch","line":59,"loc":{"start":{"line":59,"column":62},"end":{"line":62,"column":63}},"locations":[{"start":{"line":59,"column":62},"end":{"line":62,"column":63}}]},"18":{"type":"branch","line":62,"loc":{"start":{"line":62,"column":63},"end":{"line":64,"column":7}},"locations":[{"start":{"line":62,"column":63},"end":{"line":64,"column":7}}]},"19":{"type":"branch","line":64,"loc":{"start":{"line":64,"column":6},"end":{"line":93,"column":5}},"locations":[{"start":{"line":64,"column":6},"end":{"line":93,"column":5}}]},"20":{"type":"branch","line":86,"loc":{"start":{"line":86,"column":26},"end":{"line":90,"column":9}},"locations":[{"start":{"line":86,"column":26},"end":{"line":90,"column":9}}]}},"b":{"0":[8],"1":[1],"2":[1],"3":[1],"4":[4],"5":[3],"6":[0],"7":[1],"8":[1],"9":[1],"10":[0],"11":[1],"12":[1],"13":[2],"14":[0],"15":[2],"16":[0],"17":[1],"18":[0],"19":[1],"20":[14]},"fnMap":{"0":{"name":"UncontrolledForm","decl":{"start":{"line":18,"column":58},"end":{"line":205,"column":2}},"loc":{"start":{"line":18,"column":58},"end":{"line":205,"column":2}},"line":18},"1":{"name":"handlePasswordChange","decl":{"start":{"line":29,"column":31},"end":{"line":37,"column":4}},"loc":{"start":{"line":29,"column":31},"end":{"line":37,"column":4}},"line":29},"2":{"name":"handleSubmit","decl":{"start":{"line":38,"column":23},"end":{"line":94,"column":4}},"loc":{"start":{"line":38,"column":23},"end":{"line":94,"column":4}},"line":38}},"f":{"0":8,"1":2,"2":2}}
,"/Users/veronikakashlei/Desktop/rs-forms/src/schemas/validation.ts": {"path":"/Users/veronikakashlei/Desktop/rs-forms/src/schemas/validation.ts","all":false,"statementMap":{"0":{"start":{"line":1,"column":0},"end":{"line":1,"column":27}},"2":{"start":{"line":3,"column":0},"end":{"line":3,"column":42}},"3":{"start":{"line":4,"column":0},"end":{"line":4,"column":11}},"4":{"start":{"line":5,"column":0},"end":{"line":5,"column":13}},"5":{"start":{"line":6,"column":0},"end":{"line":6,"column":33}},"6":{"start":{"line":7,"column":0},"end":{"line":7,"column":57}},"7":{"start":{"line":8,"column":0},"end":{"line":8,"column":10}},"8":{"start":{"line":9,"column":0},"end":{"line":9,"column":13}},"9":{"start":{"line":10,"column":0},"end":{"line":10,"column":38}},"10":{"start":{"line":11,"column":0},"end":{"line":11,"column":37}},"11":{"start":{"line":12,"column":0},"end":{"line":12,"column":38}},"12":{"start":{"line":13,"column":0},"end":{"line":13,"column":33}},"13":{"start":{"line":14,"column":0},"end":{"line":14,"column":12}},"14":{"start":{"line":15,"column":0},"end":{"line":15,"column":13}},"15":{"start":{"line":16,"column":0},"end":{"line":16,"column":34}},"16":{"start":{"line":17,"column":0},"end":{"line":17,"column":35}},"17":{"start":{"line":18,"column":0},"end":{"line":18,"column":15}},"18":{"start":{"line":19,"column":0},"end":{"line":19,"column":13}},"19":{"start":{"line":20,"column":0},"end":{"line":20,"column":37}},"20":{"start":{"line":21,"column":0},"end":{"line":21,"column":53}},"21":{"start":{"line":22,"column":0},"end":{"line":22,"column":48}},"22":{"start":{"line":23,"column":0},"end":{"line":23,"column":61}},"23":{"start":{"line":24,"column":0},"end":{"line":24,"column":62}},"24":{"start":{"line":25,"column":0},"end":{"line":25,"column":70}},"25":{"start":{"line":26,"column":0},"end":{"line":26,"column":22}},"26":{"start":{"line":27,"column":0},"end":{"line":27,"column":13}},"27":{"start":{"line":28,"column":0},"end":{"line":28,"column":57}},"28":{"start":{"line":29,"column":0},"end":{"line":29,"column":46}},"29":{"start":{"line":30,"column":0},"end":{"line":30,"column":54}},"30":{"start":{"line":31,"column":0},"end":{"line":31,"column":12}},"31":{"start":{"line":32,"column":0},"end":{"line":32,"column":14}},"32":{"start":{"line":33,"column":0},"end":{"line":33,"column":63}},"33":{"start":{"line":34,"column":0},"end":{"line":34,"column":14}},"34":{"start":{"line":35,"column":0},"end":{"line":35,"column":12}},"35":{"start":{"line":36,"column":0},"end":{"line":36,"column":52}},"36":{"start":{"line":37,"column":0},"end":{"line":37,"column":71}},"37":{"start":{"line":38,"column":0},"end":{"line":38,"column":20}},"38":{"start":{"line":39,"column":0},"end":{"line":39,"column":38}},"39":{"start":{"line":40,"column":0},"end":{"line":40,"column":6}},"40":{"start":{"line":41,"column":0},"end":{"line":41,"column":61}},"41":{"start":{"line":42,"column":0},"end":{"line":42,"column":71}},"42":{"start":{"line":43,"column":0},"end":{"line":43,"column":20}},"43":{"start":{"line":44,"column":0},"end":{"line":44,"column":65}},"44":{"start":{"line":45,"column":0},"end":{"line":45,"column":7}},"45":{"start":{"line":46,"column":0},"end":{"line":46,"column":56}},"46":{"start":{"line":47,"column":0},"end":{"line":47,"column":3}}},"s":{"0":1,"2":1,"3":1,"4":1,"5":1,"6":1,"7":1,"8":1,"9":1,"10":1,"11":1,"12":1,"13":1,"14":1,"15":1,"16":1,"17":1,"18":1,"19":1,"20":1,"21":1,"22":1,"23":1,"24":1,"25":1,"26":1,"27":1,"28":1,"29":1,"30":1,"31":1,"32":1,"33":1,"34":1,"35":1,"36":14,"37":14,"38":0,"39":1,"40":1,"41":14,"42":14,"43":0,"44":1,"45":1,"46":1},"branchMap":{"0":{"type":"branch","line":36,"loc":{"start":{"line":36,"column":40},"end":{"line":40,"column":5}},"locations":[{"start":{"line":36,"column":40},"end":{"line":40,"column":5}}]},"1":{"type":"branch","line":37,"loc":{"start":{"line":37,"column":39},"end":{"line":37,"column":71}},"locations":[{"start":{"line":37,"column":39},"end":{"line":37,"column":71}}]},"2":{"type":"branch","line":38,"loc":{"start":{"line":38,"column":15},"end":{"line":39,"column":38}},"locations":[{"start":{"line":38,"column":15},"end":{"line":39,"column":38}}]},"3":{"type":"branch","line":41,"loc":{"start":{"line":41,"column":49},"end":{"line":45,"column":5}},"locations":[{"start":{"line":41,"column":49},"end":{"line":45,"column":5}}]},"4":{"type":"branch","line":42,"loc":{"start":{"line":42,"column":39},"end":{"line":42,"column":71}},"locations":[{"start":{"line":42,"column":39},"end":{"line":42,"column":71}}]},"5":{"type":"branch","line":43,"loc":{"start":{"line":43,"column":15},"end":{"line":44,"column":65}},"locations":[{"start":{"line":43,"column":15},"end":{"line":44,"column":65}}]}},"b":{"0":[14],"1":[12],"2":[0],"3":[14],"4":[12],"5":[0]},"fnMap":{},"f":{}}
,"/Users/veronikakashlei/Desktop/rs-forms/src/store/store.ts": {"path":"/Users/veronikakashlei/Desktop/rs-forms/src/store/store.ts","all":false,"statementMap":{"0":{"start":{"line":1,"column":0},"end":{"line":1,"column":50}},"1":{"start":{"line":2,"column":0},"end":{"line":2,"column":45}},"3":{"start":{"line":4,"column":0},"end":{"line":4,"column":37}},"4":{"start":{"line":5,"column":0},"end":{"line":5,"column":12}},"5":{"start":{"line":6,"column":0},"end":{"line":6,"column":22}},"6":{"start":{"line":7,"column":0},"end":{"line":7,"column":4}},"7":{"start":{"line":8,"column":0},"end":{"line":8,"column":3}}},"s":{"0":1,"1":1,"3":1,"4":1,"5":1,"6":1,"7":1},"branchMap":{},"b":{},"fnMap":{},"f":{}}
,"/Users/veronikakashlei/Desktop/rs-forms/src/store/slices/formSlice.ts": {"path":"/Users/veronikakashlei/Desktop/rs-forms/src/store/slices/formSlice.ts","all":false,"statementMap":{"0":{"start":{"line":1,"column":0},"end":{"line":1,"column":62}},"21":{"start":{"line":22,"column":0},"end":{"line":22,"column":33}},"22":{"start":{"line":23,"column":0},"end":{"line":23,"column":19}},"23":{"start":{"line":24,"column":0},"end":{"line":24,"column":14}},"24":{"start":{"line":25,"column":0},"end":{"line":25,"column":35}},"25":{"start":{"line":26,"column":0},"end":{"line":26,"column":32}},"26":{"start":{"line":27,"column":0},"end":{"line":27,"column":36}},"27":{"start":{"line":28,"column":0},"end":{"line":28,"column":35}},"28":{"start":{"line":29,"column":0},"end":{"line":29,"column":34}},"29":{"start":{"line":30,"column":0},"end":{"line":30,"column":36}},"30":{"start":{"line":31,"column":0},"end":{"line":31,"column":4}},"31":{"start":{"line":32,"column":0},"end":{"line":32,"column":2}},"33":{"start":{"line":34,"column":0},"end":{"line":34,"column":31}},"34":{"start":{"line":35,"column":0},"end":{"line":35,"column":15}},"35":{"start":{"line":36,"column":0},"end":{"line":36,"column":15}},"36":{"start":{"line":37,"column":0},"end":{"line":37,"column":13}},"37":{"start":{"line":38,"column":0},"end":{"line":38,"column":62}},"38":{"start":{"line":39,"column":0},"end":{"line":39,"column":40}},"39":{"start":{"line":40,"column":0},"end":{"line":40,"column":6}},"40":{"start":{"line":41,"column":0},"end":{"line":41,"column":31}},"41":{"start":{"line":42,"column":0},"end":{"line":42,"column":30}},"42":{"start":{"line":43,"column":0},"end":{"line":43,"column":6}},"43":{"start":{"line":44,"column":0},"end":{"line":44,"column":4}},"44":{"start":{"line":45,"column":0},"end":{"line":45,"column":3}},"46":{"start":{"line":47,"column":0},"end":{"line":47,"column":64}},"47":{"start":{"line":48,"column":0},"end":{"line":48,"column":33}}},"s":{"0":1,"21":1,"22":1,"23":1,"24":1,"25":1,"26":1,"27":1,"28":1,"29":1,"30":1,"31":1,"33":1,"34":1,"35":1,"36":1,"37":1,"38":1,"39":1,"40":1,"41":0,"42":0,"43":1,"44":1,"46":1,"47":1},"branchMap":{"0":{"type":"branch","line":38,"loc":{"start":{"line":38,"column":17},"end":{"line":40,"column":6}},"locations":[{"start":{"line":38,"column":17},"end":{"line":40,"column":6}}]}},"b":{"0":[1]},"fnMap":{"0":{"name":"setFormData","decl":{"start":{"line":38,"column":17},"end":{"line":40,"column":6}},"loc":{"start":{"line":38,"column":17},"end":{"line":40,"column":6}},"line":38},"1":{"name":"clearFormData","decl":{"start":{"line":41,"column":19},"end":{"line":43,"column":6}},"loc":{"start":{"line":41,"column":19},"end":{"line":43,"column":6}},"line":41}},"f":{"0":1,"1":0}}
,"/Users/veronikakashlei/Desktop/rs-forms/src/store/utils/convertToBase64.ts": {"path":"/Users/veronikakashlei/Desktop/rs-forms/src/store/utils/convertToBase64.ts","all":false,"statementMap":{"0":{"start":{"line":1,"column":0},"end":{"line":1,"column":58}},"1":{"start":{"line":2,"column":0},"end":{"line":2,"column":43}},"2":{"start":{"line":3,"column":0},"end":{"line":3,"column":36}},"3":{"start":{"line":4,"column":0},"end":{"line":4,"column":31}},"4":{"start":{"line":5,"column":0},"end":{"line":5,"column":59}},"5":{"start":{"line":6,"column":0},"end":{"line":6,"column":46}},"6":{"start":{"line":7,"column":0},"end":{"line":7,"column":5}},"7":{"start":{"line":8,"column":0},"end":{"line":8,"column":2}},"8":{"start":{"line":9,"column":0},"end":{"line":9,"column":31}}},"s":{"0":1,"1":2,"2":2,"3":2,"4":2,"5":2,"6":2,"7":2,"8":1},"branchMap":{"0":{"type":"branch","line":1,"loc":{"start":{"line":1,"column":24},"end":{"line":8,"column":2}},"locations":[{"start":{"line":1,"column":24},"end":{"line":8,"column":2}}]},"1":{"type":"branch","line":2,"loc":{"start":{"line":2,"column":21},"end":{"line":7,"column":3}},"locations":[{"start":{"line":2,"column":21},"end":{"line":7,"column":3}}]},"2":{"type":"branch","line":5,"loc":{"start":{"line":5,"column":20},"end":{"line":5,"column":59}},"locations":[{"start":{"line":5,"column":20},"end":{"line":5,"column":59}}]},"3":{"type":"branch","line":6,"loc":{"start":{"line":6,"column":21},"end":{"line":6,"column":46}},"locations":[{"start":{"line":6,"column":21},"end":{"line":6,"column":46}}]}},"b":{"0":[2],"1":[2],"2":[1],"3":[1]},"fnMap":{"0":{"name":"convertToBase64","decl":{"start":{"line":1,"column":24},"end":{"line":8,"column":2}},"loc":{"start":{"line":1,"column":24},"end":{"line":8,"column":2}},"line":1},"1":{"name":"reader.onload","decl":{"start":{"line":5,"column":20},"end":{"line":5,"column":59}},"loc":{"start":{"line":5,"column":20},"end":{"line":5,"column":59}},"line":5},"2":{"name":"reader.onerror","decl":{"start":{"line":6,"column":21},"end":{"line":6,"column":46}},"loc":{"start":{"line":6,"column":21},"end":{"line":6,"column":46}},"line":6}},"f":{"0":2,"1":1,"2":1}}
,"/Users/veronikakashlei/Desktop/rs-forms/src/store/utils/passwordStrength.ts": {"path":"/Users/veronikakashlei/Desktop/rs-forms/src/store/utils/passwordStrength.ts","all":false,"statementMap":{"13":{"start":{"line":14,"column":0},"end":{"line":14,"column":38}},"14":{"start":{"line":15,"column":0},"end":{"line":15,"column":18}},"15":{"start":{"line":16,"column":0},"end":{"line":16,"column":30}},"16":{"start":{"line":17,"column":0},"end":{"line":17,"column":32}},"17":{"start":{"line":18,"column":0},"end":{"line":18,"column":16}},"19":{"start":{"line":20,"column":0},"end":{"line":20,"column":30}},"20":{"start":{"line":21,"column":0},"end":{"line":21,"column":15}},"21":{"start":{"line":22,"column":0},"end":{"line":22,"column":36}},"22":{"start":{"line":23,"column":0},"end":{"line":23,"column":15}},"23":{"start":{"line":24,"column":0},"end":{"line":24,"column":31}},"24":{"start":{"line":25,"column":0},"end":{"line":25,"column":70}},"25":{"start":{"line":26,"column":0},"end":{"line":26,"column":5}},"26":{"start":{"line":27,"column":0},"end":{"line":27,"column":36}},"27":{"start":{"line":28,"column":0},"end":{"line":28,"column":15}},"28":{"start":{"line":29,"column":0},"end":{"line":29,"column":43}},"29":{"start":{"line":30,"column":0},"end":{"line":30,"column":10}},"30":{"start":{"line":31,"column":0},"end":{"line":31,"column":65}},"31":{"start":{"line":32,"column":0},"end":{"line":32,"column":3}},"33":{"start":{"line":34,"column":0},"end":{"line":34,"column":28}},"34":{"start":{"line":35,"column":0},"end":{"line":35,"column":15}},"35":{"start":{"line":36,"column":0},"end":{"line":36,"column":10}},"36":{"start":{"line":37,"column":0},"end":{"line":37,"column":33}},"37":{"start":{"line":38,"column":0},"end":{"line":38,"column":3}},"39":{"start":{"line":40,"column":0},"end":{"line":40,"column":31}},"40":{"start":{"line":41,"column":0},"end":{"line":41,"column":15}},"41":{"start":{"line":42,"column":0},"end":{"line":42,"column":10}},"42":{"start":{"line":43,"column":0},"end":{"line":43,"column":43}},"43":{"start":{"line":44,"column":0},"end":{"line":44,"column":3}},"45":{"start":{"line":46,"column":0},"end":{"line":46,"column":31}},"46":{"start":{"line":47,"column":0},"end":{"line":47,"column":15}},"47":{"start":{"line":48,"column":0},"end":{"line":48,"column":10}},"48":{"start":{"line":49,"column":0},"end":{"line":49,"column":43}},"49":{"start":{"line":50,"column":0},"end":{"line":50,"column":3}},"51":{"start":{"line":52,"column":0},"end":{"line":52,"column":38}},"52":{"start":{"line":53,"column":0},"end":{"line":53,"column":15}},"53":{"start":{"line":54,"column":0},"end":{"line":54,"column":10}},"54":{"start":{"line":55,"column":0},"end":{"line":55,"column":55}},"55":{"start":{"line":56,"column":0},"end":{"line":56,"column":3}},"57":{"start":{"line":58,"column":0},"end":{"line":58,"column":33}},"58":{"start":{"line":59,"column":0},"end":{"line":59,"column":19}},"59":{"start":{"line":60,"column":0},"end":{"line":60,"column":29}},"60":{"start":{"line":61,"column":0},"end":{"line":61,"column":26}},"61":{"start":{"line":62,"column":0},"end":{"line":62,"column":24}},"62":{"start":{"line":63,"column":0},"end":{"line":63,"column":26}},"63":{"start":{"line":64,"column":0},"end":{"line":64,"column":24}},"64":{"start":{"line":65,"column":0},"end":{"line":65,"column":26}},"65":{"start":{"line":66,"column":0},"end":{"line":66,"column":22}},"66":{"start":{"line":67,"column":0},"end":{"line":67,"column":10}},"67":{"start":{"line":68,"column":0},"end":{"line":68,"column":27}},"68":{"start":{"line":69,"column":0},"end":{"line":69,"column":3}},"70":{"start":{"line":71,"column":0},"end":{"line":71,"column":39}},"71":{"start":{"line":72,"column":0},"end":{"line":72,"column":2}},"73":{"start":{"line":74,"column":0},"end":{"line":74,"column":73}},"74":{"start":{"line":75,"column":0},"end":{"line":75,"column":21}},"75":{"start":{"line":76,"column":0},"end":{"line":76,"column":21}},"76":{"start":{"line":77,"column":0},"end":{"line":77,"column":23}},"77":{"start":{"line":78,"column":0},"end":{"line":78,"column":16}},"78":{"start":{"line":79,"column":0},"end":{"line":79,"column":23}},"79":{"start":{"line":80,"column":0},"end":{"line":80,"column":18}},"80":{"start":{"line":81,"column":0},"end":{"line":81,"column":23}},"81":{"start":{"line":82,"column":0},"end":{"line":82,"column":18}},"82":{"start":{"line":83,"column":0},"end":{"line":83,"column":23}},"83":{"start":{"line":84,"column":0},"end":{"line":84,"column":23}},"84":{"start":{"line":85,"column":0},"end":{"line":85,"column":23}},"85":{"start":{"line":86,"column":0},"end":{"line":86,"column":3}},"86":{"start":{"line":87,"column":0},"end":{"line":87,"column":2}},"88":{"start":{"line":89,"column":0},"end":{"line":89,"column":72}},"89":{"start":{"line":90,"column":0},"end":{"line":90,"column":21}},"90":{"start":{"line":91,"column":0},"end":{"line":91,"column":21}},"91":{"start":{"line":92,"column":0},"end":{"line":92,"column":25}},"92":{"start":{"line":93,"column":0},"end":{"line":93,"column":16}},"93":{"start":{"line":94,"column":0},"end":{"line":94,"column":20}},"94":{"start":{"line":95,"column":0},"end":{"line":95,"column":18}},"95":{"start":{"line":96,"column":0},"end":{"line":96,"column":22}},"96":{"start":{"line":97,"column":0},"end":{"line":97,"column":18}},"97":{"start":{"line":98,"column":0},"end":{"line":98,"column":22}},"98":{"start":{"line":99,"column":0},"end":{"line":99,"column":23}},"99":{"start":{"line":100,"column":0},"end":{"line":100,"column":27}},"100":{"start":{"line":101,"column":0},"end":{"line":101,"column":3}},"101":{"start":{"line":102,"column":0},"end":{"line":102,"column":2}}},"s":{"13":1,"14":5,"15":5,"16":5,"17":5,"19":5,"20":1,"21":5,"22":2,"23":2,"24":2,"25":2,"26":2,"27":1,"28":1,"29":1,"30":1,"31":1,"33":5,"34":4,"35":5,"36":1,"37":1,"39":5,"40":4,"41":5,"42":1,"43":1,"45":5,"46":3,"47":5,"48":2,"49":2,"51":5,"52":2,"53":5,"54":3,"55":3,"57":5,"58":5,"59":1,"60":5,"61":1,"62":4,"63":1,"64":3,"65":1,"66":1,"67":1,"68":1,"70":5,"71":5,"73":1,"74":5,"75":5,"76":1,"77":5,"78":1,"79":5,"80":1,"81":5,"82":1,"83":5,"84":1,"85":5,"86":5,"88":1,"89":5,"90":5,"91":1,"92":5,"93":1,"94":5,"95":1,"96":5,"97":1,"98":5,"99":1,"100":5,"101":5},"branchMap":{"0":{"type":"branch","line":14,"loc":{"start":{"line":14,"column":37},"end":{"line":72,"column":2}},"locations":[{"start":{"line":14,"column":37},"end":{"line":72,"column":2}}]},"1":{"type":"branch","line":20,"loc":{"start":{"line":20,"column":29},"end":{"line":22,"column":13}},"locations":[{"start":{"line":20,"column":29},"end":{"line":22,"column":13}}]},"2":{"type":"branch","line":22,"loc":{"start":{"line":22,"column":2},"end":{"line":32,"column":3}},"locations":[{"start":{"line":22,"column":2},"end":{"line":32,"column":3}}]},"3":{"type":"branch","line":22,"loc":{"start":{"line":22,"column":35},"end":{"line":32,"column":3}},"locations":[{"start":{"line":22,"column":35},"end":{"line":32,"column":3}}]},"4":{"type":"branch","line":27,"loc":{"start":{"line":27,"column":35},"end":{"line":32,"column":3}},"locations":[{"start":{"line":27,"column":35},"end":{"line":32,"column":3}}]},"5":{"type":"branch","line":34,"loc":{"start":{"line":34,"column":27},"end":{"line":36,"column":9}},"locations":[{"start":{"line":34,"column":27},"end":{"line":36,"column":9}}]},"6":{"type":"branch","line":36,"loc":{"start":{"line":36,"column":2},"end":{"line":38,"column":3}},"locations":[{"start":{"line":36,"column":2},"end":{"line":38,"column":3}}]},"7":{"type":"branch","line":40,"loc":{"start":{"line":40,"column":30},"end":{"line":42,"column":9}},"locations":[{"start":{"line":40,"column":30},"end":{"line":42,"column":9}}]},"8":{"type":"branch","line":42,"loc":{"start":{"line":42,"column":2},"end":{"line":44,"column":3}},"locations":[{"start":{"line":42,"column":2},"end":{"line":44,"column":3}}]},"9":{"type":"branch","line":46,"loc":{"start":{"line":46,"column":30},"end":{"line":48,"column":9}},"locations":[{"start":{"line":46,"column":30},"end":{"line":48,"column":9}}]},"10":{"type":"branch","line":48,"loc":{"start":{"line":48,"column":2},"end":{"line":50,"column":3}},"locations":[{"start":{"line":48,"column":2},"end":{"line":50,"column":3}}]},"11":{"type":"branch","line":52,"loc":{"start":{"line":52,"column":37},"end":{"line":54,"column":9}},"locations":[{"start":{"line":52,"column":37},"end":{"line":54,"column":9}}]},"12":{"type":"branch","line":54,"loc":{"start":{"line":54,"column":2},"end":{"line":56,"column":3}},"locations":[{"start":{"line":54,"column":2},"end":{"line":56,"column":3}}]},"13":{"type":"branch","line":59,"loc":{"start":{"line":59,"column":18},"end":{"line":61,"column":13}},"locations":[{"start":{"line":59,"column":18},"end":{"line":61,"column":13}}]},"14":{"type":"branch","line":61,"loc":{"start":{"line":61,"column":2},"end":{"line":69,"column":3}},"locations":[{"start":{"line":61,"column":2},"end":{"line":69,"column":3}}]},"15":{"type":"branch","line":61,"loc":{"start":{"line":61,"column":25},"end":{"line":63,"column":13}},"locations":[{"start":{"line":61,"column":25},"end":{"line":63,"column":13}}]},"16":{"type":"branch","line":63,"loc":{"start":{"line":63,"column":2},"end":{"line":69,"column":3}},"locations":[{"start":{"line":63,"column":2},"end":{"line":69,"column":3}}]},"17":{"type":"branch","line":63,"loc":{"start":{"line":63,"column":25},"end":{"line":65,"column":13}},"locations":[{"start":{"line":63,"column":25},"end":{"line":65,"column":13}}]},"18":{"type":"branch","line":65,"loc":{"start":{"line":65,"column":2},"end":{"line":69,"column":3}},"locations":[{"start":{"line":65,"column":2},"end":{"line":69,"column":3}}]},"19":{"type":"branch","line":65,"loc":{"start":{"line":65,"column":25},"end":{"line":69,"column":3}},"locations":[{"start":{"line":65,"column":25},"end":{"line":69,"column":3}}]},"20":{"type":"branch","line":74,"loc":{"start":{"line":74,"column":32},"end":{"line":87,"column":2}},"locations":[{"start":{"line":74,"column":32},"end":{"line":87,"column":2}}]},"21":{"type":"branch","line":76,"loc":{"start":{"line":76,"column":4},"end":{"line":77,"column":23}},"locations":[{"start":{"line":76,"column":4},"end":{"line":77,"column":23}}]},"22":{"type":"branch","line":78,"loc":{"start":{"line":78,"column":4},"end":{"line":79,"column":23}},"locations":[{"start":{"line":78,"column":4},"end":{"line":79,"column":23}}]},"23":{"type":"branch","line":80,"loc":{"start":{"line":80,"column":4},"end":{"line":81,"column":23}},"locations":[{"start":{"line":80,"column":4},"end":{"line":81,"column":23}}]},"24":{"type":"branch","line":82,"loc":{"start":{"line":82,"column":4},"end":{"line":83,"column":23}},"locations":[{"start":{"line":82,"column":4},"end":{"line":83,"column":23}}]},"25":{"type":"branch","line":84,"loc":{"start":{"line":84,"column":4},"end":{"line":85,"column":23}},"locations":[{"start":{"line":84,"column":4},"end":{"line":85,"column":23}}]},"26":{"type":"branch","line":89,"loc":{"start":{"line":89,"column":31},"end":{"line":102,"column":2}},"locations":[{"start":{"line":89,"column":31},"end":{"line":102,"column":2}}]},"27":{"type":"branch","line":91,"loc":{"start":{"line":91,"column":4},"end":{"line":92,"column":25}},"locations":[{"start":{"line":91,"column":4},"end":{"line":92,"column":25}}]},"28":{"type":"branch","line":93,"loc":{"start":{"line":93,"column":4},"end":{"line":94,"column":20}},"locations":[{"start":{"line":93,"column":4},"end":{"line":94,"column":20}}]},"29":{"type":"branch","line":95,"loc":{"start":{"line":95,"column":4},"end":{"line":96,"column":22}},"locations":[{"start":{"line":95,"column":4},"end":{"line":96,"column":22}}]},"30":{"type":"branch","line":97,"loc":{"start":{"line":97,"column":4},"end":{"line":98,"column":22}},"locations":[{"start":{"line":97,"column":4},"end":{"line":98,"column":22}}]},"31":{"type":"branch","line":99,"loc":{"start":{"line":99,"column":4},"end":{"line":100,"column":27}},"locations":[{"start":{"line":99,"column":4},"end":{"line":100,"column":27}}]}},"b":{"0":[5],"1":[1],"2":[4],"3":[2],"4":[1],"5":[4],"6":[1],"7":[4],"8":[1],"9":[3],"10":[2],"11":[2],"12":[3],"13":[1],"14":[4],"15":[1],"16":[3],"17":[1],"18":[2],"19":[1],"20":[5],"21":[1],"22":[1],"23":[1],"24":[1],"25":[1],"26":[5],"27":[1],"28":[1],"29":[1],"30":[1],"31":[1]},"fnMap":{"0":{"name":"checkPasswordStrength","decl":{"start":{"line":14,"column":37},"end":{"line":72,"column":2}},"loc":{"start":{"line":14,"column":37},"end":{"line":72,"column":2}},"line":14},"1":{"name":"getStrengthColor","decl":{"start":{"line":74,"column":32},"end":{"line":87,"column":2}},"loc":{"start":{"line":74,"column":32},"end":{"line":87,"column":2}},"line":74},"2":{"name":"getStrengthText","decl":{"start":{"line":89,"column":31},"end":{"line":102,"column":2}},"loc":{"start":{"line":89,"column":31},"end":{"line":102,"column":2}},"line":89}},"f":{"0":5,"1":5,"2":5}}
}
